2025-12-03 22:20:21 [INFO]: El servidor está escuchando en el puerto 8888
2025-12-03 22:20:21 [INFO]: ✅ Mongoose conectado a MongoDB en: 31.97.42.126
2025-12-03 22:20:21 [INFO]: 🚀 MongoDB conectado correctamente
2025-12-03 22:20:22 [INFO]: Base de datos conectada
2025-12-03 22:20:23 [INFO]: Conexión establecida con la base de datos
2025-12-03 22:20:44 [ERROR]: Error al sincronizar la Base de Datos: SequelizeDatabaseError: Identifier name 'transportes_categoriasTransporteIdCategoriaTransporte_foreign_idx' is too long
2025-12-03 22:21:07 [INFO]: El servidor está escuchando en el puerto 8888
2025-12-03 22:21:08 [INFO]: Base de datos conectada
2025-12-03 22:21:08 [INFO]: ✅ Mongoose conectado a MongoDB en: 31.97.42.126
2025-12-03 22:21:09 [INFO]: 🚀 MongoDB conectado correctamente
2025-12-03 22:21:09 [INFO]: Conexión establecida con la base de datos
2025-12-03 22:21:27 [ERROR]: Error al sincronizar la Base de Datos: SequelizeDatabaseError: Identifier name 'transportes_categoriasTransporteIdCategoriaTransporte_foreign_idx' is too long
2025-12-03 22:27:51 [INFO]: El servidor está escuchando en el puerto 8888
2025-12-03 22:27:52 [INFO]: Base de datos conectada
2025-12-03 22:27:53 [INFO]: ✅ Mongoose conectado a MongoDB en: 31.97.42.126
2025-12-03 22:27:53 [INFO]: 🚀 MongoDB conectado correctamente
2025-12-03 22:27:54 [INFO]: Conexión establecida con la base de datos
2025-12-03 22:28:15 [ERROR]: Error al sincronizar: SequelizeDatabaseError: Identifier name 'transportes_categoriasTransporteIdCategoriaTransporte_foreign_idx' is too long
2025-12-03 22:29:23 [INFO]: El servidor está escuchando en el puerto 8888
2025-12-03 22:29:23 [INFO]: Base de datos conectada
2025-12-03 22:29:23 [INFO]: ✅ Mongoose conectado a MongoDB en: 31.97.42.126
2025-12-03 22:29:23 [INFO]: 🚀 MongoDB conectado correctamente
2025-12-03 22:29:25 [INFO]: Conexión establecida con la base de datos
2025-12-03 22:29:50 [ERROR]: Error al sincronizar la Base de Datos: SequelizeDatabaseError: Identifier name 'transportes_categoriasTransporteIdCategoriaTransporte_foreign_idx' is too long
2025-12-03 22:30:51 [INFO]: El servidor está escuchando en el puerto 8888
2025-12-03 22:30:51 [INFO]: Base de datos conectada
2025-12-03 22:30:52 [INFO]: ✅ Mongoose conectado a MongoDB en: 31.97.42.126
2025-12-03 22:30:52 [INFO]: 🚀 MongoDB conectado correctamente
2025-12-03 22:30:53 [INFO]: Conexión establecida con la base de datos
2025-12-03 22:31:14 [ERROR]: Error al sincronizar la Base de Datos: SequelizeDatabaseError: Identifier name 'transportes_categoriasTransporteIdCategoriaTransporte_foreign_idx' is too long
